=== Started 2018-09-03T17-58-34-229 ===
[INFO ][17:58:34] 418 bad words loaded
[WARN ][17:58:34] User account "Local Administrator" disabled
[WARN ][17:58:34] User account "Local Moderator" disabled
[WARN ][17:58:34] User account "Local User" disabled
[INFO ][17:58:34] 0 user records loaded.
[INFO ][17:58:34] 0 IP ban records loaded.
[INFO ][17:58:34] [1m[32mMultiOgar-Edited 1.6.1[37m - An open source multi-protocol ogar server[0m
[INFO ][17:58:34] WebSocket: ws
[INFO ][17:58:34] Started stats server on port 88
[INFO ][17:58:34] Listening on port 443
[INFO ][17:58:34] Current game mode is Free For All
[NONE ][17:58:34]   __  __       _ _   _  ___                        _____    _ _ _           _    _   __    _ 
 |  \/  |_   _| | |_(_)/ _ \  __ _  __ _ _ __     | ____|__| (_) |_ ___  __| |  / | / /_  / |
 | |\/| | | | | | __| | | | |/ _` |/ _` | '__|____|  _| / _` | | __/ _ \/ _` |  | || '_ \ | |
 | |  | | |_| | | |_| | |_| | (_| | (_| | | |_____| |__| (_| | | ||  __/ (_| |  | || (_) || |
 |_|  |_|\__,_|_|\__|_|\___/ \__, |\__,_|_|       |_____\__,_|_|\__\___|\__,_|  |_(_)___(_)_|
                             |___/                                                           
[NONE ][17:58:39] CONNECTED 127.0.0.1:52484, origin: "file://"
[NONE ][17:59:22] >m 1 120
[NONE ][17:59:22] Set mass of Z to 120.000
[NONE ][17:59:27] >mn 1 80
[NONE ][17:59:27] Added 80 minions for Z
[NONE ][17:59:27] >
[ERROR][18:01:46] [127.0.0.1:52484] Error: write ECONNABORTED
    at Socket._writeGeneric (net.js:737:25)
    at Socket._write (net.js:757:8)
    at doWrite (_stream_writable.js:406:12)
    at writeOrBuffer (_stream_writable.js:392:5)
    at Socket.Writable.write (_stream_writable.js:290:11)
    at Sender.sendFrame (C:\Users\Thierry Marie\Desktop\server\node_modules\ws\lib\sender.js:386:20)
    at Sender.send (C:\Users\Thierry Marie\Desktop\server\node_modules\ws\lib\sender.js:310:12)
    at WebSocket.send (C:\Users\Thierry Marie\Desktop\server\node_modules\ws\lib\websocket.js:393:18)
    at PacketHandler.sendPacket (C:\Users\Thierry Marie\Desktop\server\src\PacketHandler.js:308:28)
    at PlayerTracker.sendUpdate (C:\Users\Thierry Marie\Desktop\server\src\PlayerTracker.js:294:19)
[NONE ][18:01:46] DISCONNECTED 127.0.0.1:52484, code: 1006, reason: "", name: "Z"
