=== Started 2019-12-08T14-07-24-553 ===
[INFO ][14:07:24] 418 bad words loaded
[WARN ][14:07:24] User account "Local Administrator" disabled
[WARN ][14:07:24] User account "Local Moderator" disabled
[WARN ][14:07:24] User account "Local User" disabled
[INFO ][14:07:24] 0 user records loaded.
[INFO ][14:07:24] 0 IP ban records loaded.
[INFO ][14:07:24] [1m[32mMultiOgar-Edited 1.6.1[37m - An open source multi-protocol ogar server[0m
[INFO ][14:07:24] WebSocket: ws
[INFO ][14:07:24] Started stats server on port 88
[INFO ][14:07:24] Listening on port 443
[INFO ][14:07:24] Current game mode is Free For All
[NONE ][14:07:24]   __  __       _ _   _  ___                        _____    _ _ _           _    _   __    _ 
 |  \/  |_   _| | |_(_)/ _ \  __ _  __ _ _ __     | ____|__| (_) |_ ___  __| |  / | / /_  / |
 | |\/| | | | | | __| | | | |/ _` |/ _` | '__|____|  _| / _` | | __/ _ \/ _` |  | || '_ \ | |
 | |  | | |_| | | |_| | |_| | (_| | (_| | | |_____| |__| (_| | | ||  __/ (_| |  | || (_) || |
 |_|  |_|\__,_|_|\__|_|\___/ \__, |\__,_|_|       |_____\__,_|_|\__\___|\__,_|  |_(_)___(_)_|
                             |___/                                                           
[NONE ][14:07:29] CONNECTED 127.0.0.1:52749, origin: "file://"
[NONE ][14:07:52] >mn 1 100
[NONE ][14:07:52] Added 100 minions for An unnamed cell
[NONE ][14:07:59] DISCONNECTED 127.0.0.1:52749, code: 1001, reason: "", name: "An unnamed cell"
[NONE ][14:08:00] CONNECTED 127.0.0.1:52763, origin: "file://"
[NONE ][14:08:11] >mn 1 199
