=== Started 2018-09-03T17-57-14-652 ===
[INFO ][17:57:14] 418 bad words loaded
[WARN ][17:57:14] User account "Local Administrator" disabled
[WARN ][17:57:14] User account "Local Moderator" disabled
[WARN ][17:57:14] User account "Local User" disabled
[INFO ][17:57:14] 0 user records loaded.
[INFO ][17:57:14] 0 IP ban records loaded.
[INFO ][17:57:14] [1m[32mMultiOgar-Edited 1.6.1[37m - An open source multi-protocol ogar server[0m
[INFO ][17:57:14] WebSocket: ws
[INFO ][17:57:15] Started stats server on port 88
[INFO ][17:57:15] Listening on port 443
[INFO ][17:57:15] Current game mode is Free For All
[NONE ][17:57:15]   __  __       _ _   _  ___                        _____    _ _ _           _    _   __    _ 
 |  \/  |_   _| | |_(_)/ _ \  __ _  __ _ _ __     | ____|__| (_) |_ ___  __| |  / | / /_  / |
 | |\/| | | | | | __| | | | |/ _` |/ _` | '__|____|  _| / _` | | __/ _ \/ _` |  | || '_ \ | |
 | |  | | |_| | | |_| | |_| | (_| | (_| | | |_____| |__| (_| | | ||  __/ (_| |  | || (_) || |
 |_|  |_|\__,_|_|\__|_|\___/ \__, |\__,_|_|       |_____\__,_|_|\__\___|\__,_|  |_(_)___(_)_|
                             |___/                                                           
[NONE ][17:57:18] CONNECTED 127.0.0.1:52429, origin: "file://"
[ERROR][17:57:53] [127.0.0.1:52429] Error: read ECONNRESET
    at TCP.onread (net.js:599:25)
[NONE ][17:57:53] DISCONNECTED 127.0.0.1:52429, code: 1006, reason: "", name: "Z"
