=== Started 2018-09-01T15-53-26-845 ===
[INFO ][15:53:26] 418 bad words loaded
[WARN ][15:53:26] User account "Local Administrator" disabled
[WARN ][15:53:26] User account "Local Moderator" disabled
[WARN ][15:53:26] User account "Local User" disabled
[INFO ][15:53:26] 0 user records loaded.
[INFO ][15:53:26] 0 IP ban records loaded.
[INFO ][15:53:26] [1m[32mMultiOgar-Edited 1.6.1[37m - An open source multi-protocol ogar server[0m
[INFO ][15:53:26] WebSocket: ws
[INFO ][15:53:27] Started stats server on port 88
[INFO ][15:53:27] Listening on port 443
[INFO ][15:53:27] Current game mode is Free For All
[NONE ][15:53:27]   __  __       _ _   _  ___                        _____    _ _ _           _    _   __    _ 
 |  \/  |_   _| | |_(_)/ _ \  __ _  __ _ _ __     | ____|__| (_) |_ ___  __| |  / | / /_  / |
 | |\/| | | | | | __| | | | |/ _` |/ _` | '__|____|  _| / _` | | __/ _ \/ _` |  | || '_ \ | |
 | |  | | |_| | | |_| | |_| | (_| | (_| | | |_____| |__| (_| | | ||  __/ (_| |  | || (_) || |
 |_|  |_|\__,_|_|\__|_|\___/ \__, |\__,_|_|       |_____\__,_|_|\__\___|\__,_|  |_(_)___(_)_|
                             |___/                                                           
[NONE ][15:54:12] CONNECTED 127.0.0.1:50029, origin: "file://"
[NONE ][15:59:12] DISCONNECTED 127.0.0.1:50029, code: 1000, reason: "Connection timeout", name: ""
