=== Started 2018-08-31T03-01-40-008 ===
[INFO ][03:01:40] 418 bad words loaded
[WARN ][03:01:40] User account "Local Administrator" disabled
[WARN ][03:01:40] User account "Local Moderator" disabled
[WARN ][03:01:40] User account "Local User" disabled
[INFO ][03:01:40] 0 user records loaded.
[INFO ][03:01:40] 0 IP ban records loaded.
[INFO ][03:01:40] [1m[32mMultiOgar-Edited 1.6.1[37m - An open source multi-protocol ogar server[0m
[INFO ][03:01:40] WebSocket: ws
[INFO ][03:01:40] Started stats server on port 88
[INFO ][03:01:40] Listening on port 443
[INFO ][03:01:40] Current game mode is Free For All
[NONE ][03:01:40]   __  __       _ _   _  ___                        _____    _ _ _           _    _   __    _ 
 |  \/  |_   _| | |_(_)/ _ \  __ _  __ _ _ __     | ____|__| (_) |_ ___  __| |  / | / /_  / |
 | |\/| | | | | | __| | | | |/ _` |/ _` | '__|____|  _| / _` | | __/ _ \/ _` |  | || '_ \ | |
 | |  | | |_| | | |_| | |_| | (_| | (_| | | |_____| |__| (_| | | ||  __/ (_| |  | || (_) || |
 |_|  |_|\__,_|_|\__|_|\___/ \__, |\__,_|_|       |_____\__,_|_|\__\___|\__,_|  |_(_)___(_)_|
                             |___/                                                           
[NONE ][03:01:49] >cd src
[WARN ][03:01:49] Invalid Command!
[NONE ][03:04:23] CONNECTED 127.0.0.1:54135, origin: "file://"
[NONE ][03:05:52] DISCONNECTED 127.0.0.1:54135, code: 1005, reason: "", name: "Profile 2"
[NONE ][03:05:52] CONNECTED 127.0.0.1:54153, origin: "file://"
[ERROR][03:07:15] [127.0.0.1:54153] Error: read ECONNRESET
    at TCP.onread (net.js:599:25)
[NONE ][03:07:15] DISCONNECTED 127.0.0.1:54153, code: 1006, reason: "", name: "Profile 2"
