=== Started 2018-09-03T18-02-33-249 ===
[INFO ][18:02:33] 418 bad words loaded
[WARN ][18:02:33] User account "Local Administrator" disabled
[WARN ][18:02:33] User account "Local Moderator" disabled
[WARN ][18:02:33] User account "Local User" disabled
[INFO ][18:02:33] 0 user records loaded.
[INFO ][18:02:33] 0 IP ban records loaded.
[INFO ][18:02:33] [1m[32mMultiOgar-Edited 1.6.1[37m - An open source multi-protocol ogar server[0m
[INFO ][18:02:33] WebSocket: ws
[INFO ][18:02:33] Started stats server on port 88
[INFO ][18:02:33] Listening on port 443
[INFO ][18:02:33] Current game mode is Free For All
[NONE ][18:02:33]   __  __       _ _   _  ___                        _____    _ _ _           _    _   __    _ 
 |  \/  |_   _| | |_(_)/ _ \  __ _  __ _ _ __     | ____|__| (_) |_ ___  __| |  / | / /_  / |
 | |\/| | | | | | __| | | | |/ _` |/ _` | '__|____|  _| / _` | | __/ _ \/ _` |  | || '_ \ | |
 | |  | | |_| | | |_| | |_| | (_| | (_| | | |_____| |__| (_| | | ||  __/ (_| |  | || (_) || |
 |_|  |_|\__,_|_|\__|_|\___/ \__, |\__,_|_|       |_____\__,_|_|\__\___|\__,_|  |_(_)___(_)_|
                             |___/                                                           
[NONE ][18:02:44] CONNECTED 127.0.0.1:52594, origin: "file://"
[NONE ][18:03:31] >mn 1 120
[NONE ][18:03:31] Added 120 minions for Z
[ERROR][18:09:16] [127.0.0.1:52594] Error: read ECONNRESET
    at TCP.onread (net.js:599:25)
[NONE ][18:09:16] DISCONNECTED 127.0.0.1:52594, code: 1001, reason: "", name: "Z"
