=== Started 2018-09-03T17-51-43-054 ===
[INFO ][17:51:43] 418 bad words loaded
[WARN ][17:51:43] User account "Local Administrator" disabled
[WARN ][17:51:43] User account "Local Moderator" disabled
[WARN ][17:51:43] User account "Local User" disabled
[INFO ][17:51:43] 0 user records loaded.
[INFO ][17:51:43] 0 IP ban records loaded.
[INFO ][17:51:43] [1m[32mMultiOgar-Edited 1.6.1[37m - An open source multi-protocol ogar server[0m
[INFO ][17:51:43] WebSocket: ws
[INFO ][17:51:43] Started stats server on port 88
[INFO ][17:51:43] Listening on port 443
[INFO ][17:51:43] Current game mode is Free For All
[NONE ][17:51:43]   __  __       _ _   _  ___                        _____    _ _ _           _    _   __    _ 
 |  \/  |_   _| | |_(_)/ _ \  __ _  __ _ _ __     | ____|__| (_) |_ ___  __| |  / | / /_  / |
 | |\/| | | | | | __| | | | |/ _` |/ _` | '__|____|  _| / _` | | __/ _ \/ _` |  | || '_ \ | |
 | |  | | |_| | | |_| | |_| | (_| | (_| | | |_____| |__| (_| | | ||  __/ (_| |  | || (_) || |
 |_|  |_|\__,_|_|\__|_|\___/ \__, |\__,_|_|       |_____\__,_|_|\__\___|\__,_|  |_(_)___(_)_|
                             |___/                                                           
[NONE ][17:51:52] CONNECTED 127.0.0.1:52354, origin: "file://"
[NONE ][17:52:08] >m 1 120
[NONE ][17:52:08] Set mass of Z to 120.000
[NONE ][17:52:12] >mn 1 200
[NONE ][17:52:12] Added 200 minions for Z
