=== Started 2019-12-08T14-01-30-663 ===
[INFO ][14:01:30] 418 bad words loaded
[WARN ][14:01:30] User account "Local Administrator" disabled
[WARN ][14:01:30] User account "Local Moderator" disabled
[WARN ][14:01:30] User account "Local User" disabled
[INFO ][14:01:30] 0 user records loaded.
[INFO ][14:01:30] 0 IP ban records loaded.
[INFO ][14:01:30] [1m[32mMultiOgar-Edited 1.6.1[37m - An open source multi-protocol ogar server[0m
[INFO ][14:01:30] WebSocket: ws
[INFO ][14:01:30] Started stats server on port 88
[INFO ][14:01:30] Listening on port 443
[INFO ][14:01:30] Current game mode is Free For All
[NONE ][14:01:30]   __  __       _ _   _  ___                        _____    _ _ _           _    _   __    _ 
 |  \/  |_   _| | |_(_)/ _ \  __ _  __ _ _ __     | ____|__| (_) |_ ___  __| |  / | / /_  / |
 | |\/| | | | | | __| | | | |/ _` |/ _` | '__|____|  _| / _` | | __/ _ \/ _` |  | || '_ \ | |
 | |  | | |_| | | |_| | |_| | (_| | (_| | | |_____| |__| (_| | | ||  __/ (_| |  | || (_) || |
 |_|  |_|\__,_|_|\__|_|\___/ \__, |\__,_|_|       |_____\__,_|_|\__\___|\__,_|  |_(_)___(_)_|
                             |___/                                                           
[NONE ][14:01:36] CONNECTED 127.0.0.1:52489, origin: "file://"
[FATAL][14:01:36] RangeError [ERR_OUT_OF_RANGE]: The value of "value" is out of range. It must be >= 0 and <= 4294967295. Received -698
    at checkInt (internal/buffer.js:58:11)
    at writeU_Int32LE (internal/buffer.js:678:3)
    at Buffer.writeUInt32LE (internal/buffer.js:691:10)
    at BinaryWriter.writeUInt32 (C:\Users\66\Desktop\ĞĞ¾Ğ²Ğ°Ñ Ğ¿Ğ°Ğ¿ĞºĞ° (9)\src\packet\BinaryWriter.js:32:18)
    at UpdateNodes.writeUpdateItems5 (C:\Users\66\Desktop\ĞĞ¾Ğ²Ğ°Ñ Ğ¿Ğ°Ğ¿ĞºĞ° (9)\src\packet\UpdateNodes.js:150:16)
    at UpdateNodes.build (C:\Users\66\Desktop\ĞĞ¾Ğ²Ğ°Ñ Ğ¿Ğ°Ğ¿ĞºĞ° (9)\src\packet\UpdateNodes.js:20:34)
    at PacketHandler.sendPacket (C:\Users\66\Desktop\ĞĞ¾Ğ²Ğ°Ñ Ğ¿Ğ°Ğ¿ĞºĞ° (9)\src\PacketHandler.js:307:29)
    at PlayerTracker.sendUpdate (C:\Users\66\Desktop\ĞĞ¾Ğ²Ğ°Ñ Ğ¿Ğ°Ğ¿ĞºĞ° (9)\src\PlayerTracker.js:294:19)
    at GameServer.updateClients (C:\Users\66\Desktop\ĞĞ¾Ğ²Ğ°Ñ Ğ¿Ğ°Ğ¿ĞºĞ° (9)\src\GameServer.js:457:39)
    at GameServer.mainLoop (C:\Users\66\Desktop\ĞĞ¾Ğ²Ğ°Ñ Ğ¿Ğ°Ğ¿ĞºĞ° (9)\src\GameServer.js:660:10)
[DEBUG][14:01:36] process.exit(1)
=== Shutdown 2019-12-08T14-01-36-548 ===
