=== Started 2018-09-03T17-45-52-405 ===
[INFO ][17:45:52] 418 bad words loaded
[WARN ][17:45:52] User account "Local Administrator" disabled
[WARN ][17:45:52] User account "Local Moderator" disabled
[WARN ][17:45:52] User account "Local User" disabled
[INFO ][17:45:52] 0 user records loaded.
[INFO ][17:45:52] 0 IP ban records loaded.
[INFO ][17:45:52] [1m[32mMultiOgar-Edited 1.6.1[37m - An open source multi-protocol ogar server[0m
[INFO ][17:45:52] WebSocket: ws
[INFO ][17:45:52] Started stats server on port 88
[INFO ][17:45:52] Listening on port 443
[INFO ][17:45:52] Current game mode is Free For All
[NONE ][17:45:52]   __  __       _ _   _  ___                        _____    _ _ _           _    _   __    _ 
 |  \/  |_   _| | |_(_)/ _ \  __ _  __ _ _ __     | ____|__| (_) |_ ___  __| |  / | / /_  / |
 | |\/| | | | | | __| | | | |/ _` |/ _` | '__|____|  _| / _` | | __/ _ \/ _` |  | || '_ \ | |
 | |  | | |_| | | |_| | |_| | (_| | (_| | | |_____| |__| (_| | | ||  __/ (_| |  | || (_) || |
 |_|  |_|\__,_|_|\__|_|\___/ \__, |\__,_|_|       |_____\__,_|_|\__\___|\__,_|  |_(_)___(_)_|
                             |___/                                                           
[NONE ][17:46:04] CONNECTED 127.0.0.1:52250, origin: "file://"
[NONE ][17:50:34] >mn 1 200
[NONE ][17:50:34] Added 200 minions for Z
