=== Started 2018-08-31T03-07-21-464 ===
[INFO ][03:07:21] 418 bad words loaded
[WARN ][03:07:21] User account "Local Administrator" disabled
[WARN ][03:07:21] User account "Local Moderator" disabled
[WARN ][03:07:21] User account "Local User" disabled
[INFO ][03:07:21] 0 user records loaded.
[INFO ][03:07:21] 0 IP ban records loaded.
[INFO ][03:07:21] [1m[32mMultiOgar-Edited 1.6.1[37m - An open source multi-protocol ogar server[0m
[INFO ][03:07:21] WebSocket: ws
[INFO ][03:07:21] Started stats server on port 88
[INFO ][03:07:21] Listening on port 443
[INFO ][03:07:21] Current game mode is Free For All
[NONE ][03:07:21]   __  __       _ _   _  ___                        _____    _ _ _           _    _   __    _ 
 |  \/  |_   _| | |_(_)/ _ \  __ _  __ _ _ __     | ____|__| (_) |_ ___  __| |  / | / /_  / |
 | |\/| | | | | | __| | | | |/ _` |/ _` | '__|____|  _| / _` | | __/ _ \/ _` |  | || '_ \ | |
 | |  | | |_| | | |_| | |_| | (_| | (_| | | |_____| |__| (_| | | ||  __/ (_| |  | || (_) || |
 |_|  |_|\__,_|_|\__|_|\___/ \__, |\__,_|_|       |_____\__,_|_|\__\___|\__,_|  |_(_)___(_)_|
                             |___/                                                           
[NONE ][03:07:33] CONNECTED 127.0.0.1:54182, origin: "file://"
[NONE ][03:10:26] >mn 1 45
[NONE ][03:10:26] Added 45 minions for Zzzz
[NONE ][03:17:22] >ab 100
[NONE ][03:17:22] Added 100 player bots
[NONE ][03:48:45] >m 1 16000
[NONE ][03:48:45] Set mass of Zzzz to 16000.000
[ERROR][04:40:18] [127.0.0.1:54182] Error: read ECONNRESET
    at TCP.onread (net.js:599:25)
[NONE ][04:40:18] DISCONNECTED 127.0.0.1:54182, code: 1006, reason: "", name: "Zzzz"
